Build target 'Target 1'
assembling startup_stm32f10x_md.s...
compiling core_cm3.c...
compiling system_stm32f10x.c...
compiling misc.c...
compiling stm32f10x_adc.c...
compiling stm32f10x_bkp.c...
compiling stm32f10x_can.c...
compiling stm32f10x_cec.c...
compiling stm32f10x_crc.c...
compiling stm32f10x_dac.c...
compiling stm32f10x_dbgmcu.c...
compiling stm32f10x_dma.c...
compiling stm32f10x_exti.c...
compiling stm32f10x_flash.c...
compiling stm32f10x_fsmc.c...
compiling stm32f10x_gpio.c...
compiling stm32f10x_i2c.c...
compiling stm32f10x_iwdg.c...
compiling stm32f10x_pwr.c...
compiling stm32f10x_rcc.c...
compiling stm32f10x_rtc.c...
compiling stm32f10x_sdio.c...
compiling stm32f10x_spi.c...
compiling stm32f10x_tim.c...
compiling stm32f10x_usart.c...
compiling stm32f10x_wwdg.c...
compiling main.c...
.\hardware\usart.h(44): warning:  #1-D: last line of file ends without a newline
  #endif
.\BSP_driver\LED.h(21): warning:  #1-D: last line of file ends without a newline
  #endif
user\main.c(37): warning:  #550-D: variable "data" was set but never used
      uint8_t data;
user\main.c: 3 warnings, 0 errors
compiling stm32f10x_it.c...
compiling KEY.c...
compiling usart.c...
hardware\usart.h(44): warning:  #1-D: last line of file ends without a newline
  #endif
hardware\usart.c: 1 warning, 0 errors
compiling Delay.c...
compiling LED.c...
BSP_driver\LED.h(21): warning:  #1-D: last line of file ends without a newline
  #endif
BSP_driver\LED.c(37): warning:  #1-D: last line of file ends without a newline
  }
BSP_driver\LED.c: 2 warnings, 0 errors
linking...
Program Size: Code=2816 RO-data=272 RW-data=48 ZI-data=1064  
".\Objects\2.1project" - 0 Error(s), 6 Warning(s).
